  stdafx.cpp
  AIPatterns.cpp
c:\users\ianhu\source\repos\pacman\pacman\aipatterns.cpp(11): warning C4244: '=': conversion from 'float' to 'int', possible loss of data
c:\users\ianhu\source\repos\pacman\pacman\aipatterns.cpp(11): warning C4056: overflow in floating-point constant arithmetic
c:\users\ianhu\source\repos\pacman\pacman\aipatterns.cpp(12): warning C4244: '=': conversion from 'float' to 'int', possible loss of data
c:\users\ianhu\source\repos\pacman\pacman\aipatterns.cpp(12): warning C4056: overflow in floating-point constant arithmetic
  Chase.cpp
c:\users\ianhu\source\repos\pacman\pacman\chase.cpp(32): warning C4244: 'argument': conversion from 'double' to 'float', possible loss of data
  InputCommand.cpp
  Main.cpp
c:\users\ianhu\source\repos\pacman\pacman\main.cpp(121): warning C4244: 'initializing': conversion from 'double' to 'float', possible loss of data
  PacManSprite.cpp
  PacWorld.cpp
  Scatter.cpp
  Shader.cpp
  Sprite.cpp
c:\users\ianhu\source\repos\pacman\pacman\sprite.cpp(6): warning C4244: 'initializing': conversion from 'float' to 'int', possible loss of data
c:\users\ianhu\source\repos\pacman\pacman\sprite.cpp(7): warning C4244: 'initializing': conversion from 'float' to 'int', possible loss of data
c:\users\ianhu\source\repos\pacman\pacman\sprite.cpp(27): warning C4244: 'initializing': conversion from 'float' to 'int', possible loss of data
c:\users\ianhu\source\repos\pacman\pacman\sprite.cpp(28): warning C4244: 'initializing': conversion from 'float' to 'int', possible loss of data
c:\users\ianhu\source\repos\pacman\pacman\sprite.cpp(77): warning C4244: 'argument': conversion from 'float' to 'int', possible loss of data
c:\users\ianhu\source\repos\pacman\pacman\sprite.cpp(82): warning C4244: 'argument': conversion from 'float' to 'int', possible loss of data
c:\users\ianhu\source\repos\pacman\pacman\sprite.cpp(87): warning C4244: 'argument': conversion from 'float' to 'int', possible loss of data
c:\users\ianhu\source\repos\pacman\pacman\sprite.cpp(92): warning C4244: 'argument': conversion from 'float' to 'int', possible loss of data
c:\users\ianhu\source\repos\pacman\pacman\sprite.cpp(97): warning C4244: 'argument': conversion from 'float' to 'int', possible loss of data
  stb_image.cpp
  Texture2D.cpp
  TileMap.cpp
  Tiles.cpp
  WorldDispatcher.cpp
  Generating Code...
  glad.c
  PacMan.vcxproj -> C:\Users\ianhu\source\repos\PacMan\Debug\PacMan.exe
