c:\users\ianhu\source\repos\pacman\pacman\debug\pacman.pch
c:\users\ianhu\source\repos\pacman\pacman\debug\vc141.pdb
c:\users\ianhu\source\repos\pacman\pacman\debug\vc141.idb
c:\users\ianhu\source\repos\pacman\pacman\debug\stdafx.obj
c:\users\ianhu\source\repos\pacman\pacman\debug\worlddispatcher.obj
c:\users\ianhu\source\repos\pacman\pacman\debug\tiles.obj
c:\users\ianhu\source\repos\pacman\pacman\debug\tilemap.obj
c:\users\ianhu\source\repos\pacman\pacman\debug\texture2d.obj
c:\users\ianhu\source\repos\pacman\pacman\debug\stb_image.obj
c:\users\ianhu\source\repos\pacman\pacman\debug\sprite.obj
c:\users\ianhu\source\repos\pacman\pacman\debug\shader.obj
c:\users\ianhu\source\repos\pacman\pacman\debug\pacmansprite.obj
c:\users\ianhu\source\repos\pacman\pacman\debug\inputcommand.obj
c:\users\ianhu\source\repos\pacman\pacman\debug\chase.obj
c:\users\ianhu\source\repos\pacman\pacman\debug\aipatterns.obj
c:\users\ianhu\source\repos\pacman\pacman\debug\glad.obj
c:\users\ianhu\source\repos\pacman\pacman\debug\pacworld.obj
c:\users\ianhu\source\repos\pacman\pacman\debug\main.obj
c:\users\ianhu\source\repos\pacman\pacman\debug\scatter.obj
c:\users\ianhu\source\repos\pacman\debug\pacman.exe
c:\users\ianhu\source\repos\pacman\debug\pacman.ilk
c:\users\ianhu\source\repos\pacman\debug\pacman.pdb
c:\users\ianhu\source\repos\pacman\pacman\debug\aipatterns.obj.enc
c:\users\ianhu\source\repos\pacman\pacman\debug\pacman.tlog\cl.command.1.tlog
c:\users\ianhu\source\repos\pacman\pacman\debug\pacman.tlog\cl.read.1.tlog
c:\users\ianhu\source\repos\pacman\pacman\debug\pacman.tlog\cl.write.1.tlog
c:\users\ianhu\source\repos\pacman\pacman\debug\pacman.tlog\link.command.1.tlog
c:\users\ianhu\source\repos\pacman\pacman\debug\pacman.tlog\link.read.1.tlog
c:\users\ianhu\source\repos\pacman\pacman\debug\pacman.tlog\link.write.1.tlog
