  Chase.cpp
c:\users\ianhu\source\repos\pacman\pacman\sprite.h(92): warning C4244: 'initializing': conversion from 'float' to 'int', possible loss of data
c:\users\ianhu\source\repos\pacman\pacman\sprite.h(92): warning C4056: overflow in floating-point constant arithmetic
c:\users\ianhu\source\repos\pacman\pacman\worlddispatcher.h(23): error C2065: 'Chase': undeclared identifier
c:\users\ianhu\source\repos\pacman\pacman\worlddispatcher.h(23): error C2923: 'std::shared_ptr': 'Chase' is not a valid template type argument for parameter '_Ty'
c:\users\ianhu\source\repos\pacman\pacman\worlddispatcher.h(28): error C2065: 'Chase': undeclared identifier
c:\users\ianhu\source\repos\pacman\pacman\worlddispatcher.h(28): error C2923: 'std::shared_ptr': 'Chase' is not a valid template type argument for parameter '_Ty'
c:\users\ianhu\source\repos\pacman\pacman\worlddispatcher.h(33): error C2065: 'Chase': undeclared identifier
c:\users\ianhu\source\repos\pacman\pacman\worlddispatcher.h(33): error C2923: 'std::shared_ptr': 'Chase' is not a valid template type argument for parameter '_Ty'
c:\users\ianhu\source\repos\pacman\pacman\worlddispatcher.h(38): error C2065: 'Chase': undeclared identifier
c:\users\ianhu\source\repos\pacman\pacman\worlddispatcher.h(38): error C2923: 'std::shared_ptr': 'Chase' is not a valid template type argument for parameter '_Ty'
c:\users\ianhu\source\repos\pacman\pacman\worlddispatcher.h(23): fatal error C1903: unable to recover from previous error(s); stopping compilation
  Main.cpp
c:\users\ianhu\source\repos\pacman\pacman\sprite.h(92): warning C4244: 'initializing': conversion from 'float' to 'int', possible loss of data
c:\users\ianhu\source\repos\pacman\pacman\sprite.h(92): warning C4056: overflow in floating-point constant arithmetic
c:\users\ianhu\source\repos\pacman\pacman\main.cpp(121): warning C4244: 'initializing': conversion from 'double' to 'float', possible loss of data
  PacWorld.cpp
c:\users\ianhu\source\repos\pacman\pacman\sprite.h(92): warning C4244: 'initializing': conversion from 'float' to 'int', possible loss of data
c:\users\ianhu\source\repos\pacman\pacman\sprite.h(92): warning C4056: overflow in floating-point constant arithmetic
  WorldDispatcher.cpp
c:\users\ianhu\source\repos\pacman\pacman\sprite.h(92): warning C4244: 'initializing': conversion from 'float' to 'int', possible loss of data
c:\users\ianhu\source\repos\pacman\pacman\sprite.h(92): warning C4056: overflow in floating-point constant arithmetic
